17:44:32: Creating resource group General
17:44:32: Creating resource group Internal
17:44:32: Creating resource group Autodetect
17:44:32: SceneManagerFactory for type 'DefaultSceneManager' registered.
17:44:32: Registering ResourceManager for type Material
17:44:32: Registering ResourceManager for type Mesh
17:44:32: Registering ResourceManager for type Skeleton
17:44:32: MovableObjectFactory for type 'ParticleSystem' registered.
17:44:32: OverlayElementFactory for type Panel registered.
17:44:32: OverlayElementFactory for type BorderPanel registered.
17:44:32: OverlayElementFactory for type TextArea registered.
17:44:32: Registering ResourceManager for type Font
17:44:32: ArchiveFactory for archive type FileSystem registered.
17:44:32: ArchiveFactory for archive type Zip registered.
17:44:32: DDS codec registering
17:44:32: FreeImage version: 3.13.1
17:44:32: This program uses FreeImage, a free, open source image library supporting all common bitmap formats. See http://freeimage.sourceforge.net for details
17:44:32: Supported formats: bmp,ico,jpg,jif,jpeg,jpe,jng,koa,iff,lbm,mng,pbm,pbm,pcd,pcx,pgm,pgm,png,ppm,ppm,ras,tga,targa,tif,tiff,wap,wbmp,wbm,psd,cut,xbm,xpm,gif,hdr,g3,sgi,exr,j2k,j2c,jp2,pfm,pct,pict,pic,bay,bmq,cr2,crw,cs1,dc2,dcr,dng,erf,fff,hdr,k25,kdc,mdc,mos,mrw,nef,orf,pef,pxn,raf,raw,rdc,sr2,srf,arw,3fr,cine,ia,kc2,mef,nrw,qtk,rw2,sti,drf,dsc,ptx,cap,iiq,rwz
17:44:32: PVRTC codec registering
17:44:32: Registering ResourceManager for type HighLevelGpuProgram
17:44:32: Registering ResourceManager for type Compositor
17:44:32: MovableObjectFactory for type 'Entity' registered.
17:44:32: MovableObjectFactory for type 'Light' registered.
17:44:32: MovableObjectFactory for type 'BillboardSet' registered.
17:44:32: MovableObjectFactory for type 'ManualObject' registered.
17:44:32: MovableObjectFactory for type 'BillboardChain' registered.
17:44:32: MovableObjectFactory for type 'RibbonTrail' registered.
17:44:32: Loading library .\RenderSystem_Direct3D9
17:44:32: Installing plugin: D3D9 RenderSystem
17:44:32: D3D9 : Direct3D9 Rendering Subsystem created.
17:44:32: D3D9: Driver Detection Starts
17:44:32: D3D9: Driver Detection Ends
17:44:32: Plugin successfully installed
17:44:32: Loading library .\RenderSystem_GL
17:44:32: Installing plugin: GL RenderSystem
17:44:32: OpenGL Rendering Subsystem created.
17:44:32: Plugin successfully installed
17:44:32: Loading library .\Plugin_OctreeSceneManager
17:44:32: Installing plugin: Octree & Terrain Scene Manager
17:44:32: Plugin successfully installed
17:44:32: *-*-* OGRE Initialising
17:44:32: *-*-* Version 1.7.1 (Cthugha)
17:44:32: Creating resource group Bootstrap
17:44:32: Added resource location '../../Media/packs/OgreCore.zip' of type 'Zip' to resource group 'Bootstrap'
17:44:32: Added resource location '../../Media' of type 'FileSystem' to resource group 'General'
17:44:32: Added resource location '../../Media/fonts' of type 'FileSystem' to resource group 'General'
17:44:32: Added resource location '../../Media/materials/programs' of type 'FileSystem' to resource group 'General'
17:44:32: Added resource location '../../Media/materials/scripts' of type 'FileSystem' to resource group 'General'
17:44:32: Added resource location '../../Media/materials/textures' of type 'FileSystem' to resource group 'General'
17:44:32: Added resource location '../../Media/models' of type 'FileSystem' to resource group 'General'
17:44:32: Added resource location '../../Media/packs/cubemap.zip' of type 'Zip' to resource group 'General'
17:44:32: Added resource location '../../Media/packs/skybox.zip' of type 'Zip' to resource group 'General'
17:44:32: D3D9 : RenderSystem Option: Allow NVPerfHUD = No
17:44:32: D3D9 : RenderSystem Option: FSAA = 0
17:44:32: D3D9 : RenderSystem Option: Floating-point mode = Fastest
17:44:32: D3D9 : RenderSystem Option: Full Screen = Yes
17:44:32: D3D9 : RenderSystem Option: Rendering Device = Monitor-1-NVIDIA GeForce GTX 660
17:44:32: D3D9 : RenderSystem Option: Resource Creation Policy = Create on all devices
17:44:32: D3D9 : RenderSystem Option: VSync = No
17:44:32: D3D9 : RenderSystem Option: VSync Interval = 1
17:44:32: D3D9 : RenderSystem Option: Video Mode = 800 x 600 @ 32-bit colour
17:44:32: D3D9 : RenderSystem Option: sRGB Gamma Conversion = No
17:44:33: *-*-* OGRE Shutdown
17:44:33: Unregistering ResourceManager for type Compositor
17:44:33: Unregistering ResourceManager for type Font
17:44:33: Unregistering ResourceManager for type Skeleton
17:44:33: Unregistering ResourceManager for type Mesh
17:44:33: Unregistering ResourceManager for type HighLevelGpuProgram
17:44:33: Uninstalling plugin: Octree & Terrain Scene Manager
17:44:33: Plugin successfully uninstalled
17:44:33: Unloading library .\Plugin_OctreeSceneManager
17:44:33: Uninstalling plugin: GL RenderSystem
17:44:33: *** Stopping Win32GL Subsystem ***
17:44:33: Plugin successfully uninstalled
17:44:33: Unloading library .\RenderSystem_GL
17:44:33: Uninstalling plugin: D3D9 RenderSystem
17:44:33: D3D9 : Shutting down cleanly.
17:44:33: D3D9 : Direct3D9 Rendering Subsystem destroyed.
17:44:33: Plugin successfully uninstalled
17:44:33: Unloading library .\RenderSystem_Direct3D9
17:44:33: Unregistering ResourceManager for type Material
